<?xml version="1.0" encoding="utf-8"?><testsuites name="pytest tests"><testsuite name="pytest" errors="0" failures="0" skipped="0" tests="15" time="3.750" timestamp="2026-08-07T17:44:27.610649+00:00" hostname="agent-env-0f00db73-3386-46d6-b26a-6aa0f7553027"><testcase classname="tests.test_m2a.TestEmployeeLogin" name="test_login_ok" time="0.272" /><testcase classname="tests.test_m2a.TestAttendance" name="test_me_today_default_empty_or_obj" time="0.373" /><testcase classname="tests.test_m2a.TestEmployeeLogin" name="test_login_wrong_pin" time="0.217" /><testcase classname="tests.test_m2a.TestAttendance" name="test_check_in_missing_selfie" time="0.278" /><testcase classname="tests.test_m2a.TestEmployeeLogin" name="test_login_unknown_code" time="0.105" /><testcase classname="tests.test_m2a.TestAttendance" name="test_check_in_outside_geofence" time="0.438" /><testcase classname="tests.test_m2a.TestStoreSettings" name="test_get_defaults" time="0.493" /><testcase classname="tests.test_m2a.TestStoreSettings" name="test_put_owner_updates" time="0.482" /><testcase classname="tests.test_m2a.TestAttendance" name="test_full_check_in_and_check_out" time="1.237" /><testcase classname="tests.test_m2a.TestSetPin" name="test_set_pin_ok_and_login" time="0.598" /><testcase classname="tests.test_m2a.TestSetPin" name="test_set_pin_bad_length" time="0.330" /><testcase classname="tests.test_m2a.TestAttendance" name="test_check_out_without_check_in_fails" time="0.377" /><testcase classname="tests.test_m2a.TestLeaves" name="test_create_and_approve" time="0.826" /><testcase classname="tests.test_m2a.TestCorrections" name="test_create_list_decide" time="0.698" /><testcase classname="tests.test_m2a.TestDashboardCounts" name="test_pending_approvals_present" time="0.105" /></testsuite></testsuites>