<?xml version="1.0" encoding="utf-8"?><testsuites name="pytest tests"><testsuite name="pytest" errors="0" failures="0" skipped="0" tests="20" time="4.616" timestamp="2026-08-07T18:04:23.801287+00:00" hostname="agent-env-0f00db73-3386-46d6-b26a-6aa0f7553027"><testcase classname="tests.test_m2b.TestRolesAuth" name="test_admin_login_role" time="0.331" /><testcase classname="tests.test_m2b.TestRolesAuth" name="test_accountant_login_role" time="0.162" /><testcase classname="tests.test_m2b.TestPayroll" name="test_compute_rows_shape" time="0.527" /><testcase classname="tests.test_m2b.TestRolesAuth" name="test_wrong_password" time="0.160" /><testcase classname="tests.test_m2b.TestPayroll" name="test_admin_cannot_compute_or_save" time="0.527" /><testcase classname="tests.test_m2b.TestRolesAuth" name="test_me_admin" time="0.381" /><testcase classname="tests.test_m2b.TestRolesAuth" name="test_me_accountant" time="0.392" /><testcase classname="tests.test_m2b.TestPayroll" name="test_save_get_lock_reject_resave_unlock" time="1.568" /><testcase classname="tests.test_m2b.TestUsersMgmt" name="test_list_users_owner_only" time="0.704" /><testcase classname="tests.test_m2b.TestUsersMgmt" name="test_create_delete_admin_owner_only" time="0.655" /><testcase classname="tests.test_m2b.TestPayroll" name="test_mark_paid_and_timeline" time="0.313" /><testcase classname="tests.test_m2b.TestUsersMgmt" name="test_cannot_delete_owner" time="0.244" /><testcase classname="tests.test_m2b.TestPayroll" name="test_pdf_returned" time="0.322" /><testcase classname="tests.test_m2b.TestEmployeeRBAC" name="test_admin_can_create_employee" time="0.258" /><testcase classname="tests.test_m2b.TestPayroll" name="test_preview_when_no_saved" time="0.106" /><testcase classname="tests.test_m2b.TestEmployeeRBAC" name="test_accountant_cannot_create_employee" time="0.141" /><testcase classname="tests.test_m2b.TestLedger" name="test_add_and_running_balance" time="0.537" /><testcase classname="tests.test_m2b.TestShifts" name="test_list_and_crud" time="0.538" /><testcase classname="tests.test_m2b.TestLedger" name="test_ledger_unknown_emp" time="0.136" /><testcase classname="tests.test_m2b.TestHolidays" name="test_list_and_crud" time="0.307" /></testsuite></testsuites>