<?xml version="1.0" encoding="utf-8"?><testsuites name="pytest tests"><testsuite name="pytest" errors="0" failures="1" skipped="0" tests="28" time="4.725" timestamp="2026-08-07T18:33:33.730482+00:00" hostname="agent-env-0f00db73-3386-46d6-b26a-6aa0f7553027"><testcase classname="tests.test_m3.TestReports" name="test_attendance_pdf" time="1.185" /><testcase classname="tests.test_m3.TestPayroll" name="test_compute_has_opening_balance" time="0.690" /><testcase classname="tests.test_m3.TestPayroll" name="test_opening_balance_from_prior_month" time="1.015" /><testcase classname="tests.test_m3.TestReports" name="test_late_pdf" time="0.102" /><testcase classname="tests.test_m3.TestReports" name="test_missing_punch_pdf" time="0.193" /><testcase classname="tests.test_m3.TestReports" name="test_leave_pdf" time="0.102" /><testcase classname="tests.test_m3.TestReports" name="test_payroll_pdf" time="0.134" /><testcase classname="tests.test_m3.TestPayroll" name="test_save_and_update_entry" time="0.614" /><testcase classname="tests.test_m3.TestReports" name="test_payroll_pdf_missing_year_month_400" time="0.150" /><testcase classname="tests.test_m3.TestReports" name="test_ledger_pdf" time="0.312" /><testcase classname="tests.test_m3.TestReports" name="test_ledger_pdf_missing_emp_400" time="0.100" /><testcase classname="tests.test_m3.TestReports" name="test_unknown_report_400" time="0.108" /><testcase classname="tests.test_m3.TestPayroll" name="test_update_locked_month_400" time="0.574" /><testcase classname="tests.test_m3.TestAuthRoles" name="test_owner_login" time="0.332" /><testcase classname="tests.test_m3.TestAuthRoles" name="test_admin_login" time="0.170" /><testcase classname="tests.test_m3.TestPayroll" name="test_pdf_contains_sections" time="0.159"><failure message="assert b'EARNINGS' in b'%PDF-1.4\n%\x93\x8c\x8b\x9e ReportLab Generated PDF document (opensource)\n1 0 obj\n&lt;&lt;\n/F1 2 0 R /F2 3 0 R /F3 4 0 R\n&gt;&gt;\nendobj\n2 0 obj\n&lt;&lt;\n/BaseFont /Helvetica /Encoding /WinAnsiEncoding /Name /F1 /Subtype /Type1 /Type /Font\n&gt;&gt;\nendobj\n3 0 obj\n&lt;&lt;\n/BaseFont /Helvetica-Bold /Encoding /WinAnsiEncoding /Name /F2 /Subtype /Type1 /Type /Font\n&gt;&gt;\nendobj\n4 0 obj\n&lt;&lt;\n/BaseFont /ZapfDingbats /Name /F3 /Subtype /Type1 /Type /Font\n&gt;&gt;\nendobj\n5 0 obj\n&lt;&lt;\n/Contents 9 0 R /MediaBox [ 0 0 595.2756 841.8898 ] /Parent 8 0 R /Resources &lt;&lt;\n/Font 1 0 R /ProcSet [ /PDF /Text /ImageB /ImageC /ImageI ]\n&gt;&gt; /Rotate 0 /Trans &lt;&lt;\n\n&gt;&gt; \n  /Type /Page\n&gt;&gt;\nendobj\n6 0 obj\n&lt;&lt;\n/PageMode /UseNone /Pages 8 0 R /Type /Catalog\n&gt;&gt;\nendobj\n7 0 obj\n&lt;&lt;\n/Author (\\(anonymous\\)) /CreationDate (D:20260807183337+00\'00\') /Creator (\\(unspecified\\)) /Keywords () /ModDate (D:20260807183337+00\'00\') /Producer (ReportLab PDF Library - \\(opensource\\)) \n  /Subject (\\(unspecified\\)) /Title (\\(anonymous\\)) /Trapped /False\n&gt;&gt;\nendobj\n8 0 obj\n&lt;&lt;\n/Count 1 /Kids [ 5 0 R ] /Type /Pages\n&gt;&gt;\nendobj\n9 0 obj\n&lt;&lt;\n/Filter [ /ASCII85Decode /FlateDecode ] /Length 1387\n&gt;&gt;\nstream\nGatU3&gt;ArL\\\'Ro4HS4...UX&quot;7PV]Kp&gt;bTg[::Pc/^U(b7m:9Iqf[5n.]:I:8/7#UcPaj/bboDd@p^Gr*,l&lt;&quot;\\-*q$um3&quot;A&lt;PMG3k$1FuIUo@/JW2^Y:T&gt;8iL]p-i=e;IdfBFj(ql_P5eX:i&lt;)Jgjlb2O\\t&quot;#\\OME*pg\\:gk#E-b8:`/URT[(Uj;8XMc;1@#$MPZWPV%n]C6&quot;rA4\'JfpV2#NnaPSDb]BdWhkTYDVBO:`M`BFl)ZUTtb0S?B?1@R&quot;Ch&quot;`qpLD?U/=Ib3KrtP4P0u-a0H_uuUAA^AafFCN_r^OQl_m6\'Kr8[i?&quot;,8S7QC`]JnSal6noMWhbbrqkK&gt;&amp;a!\\C,!/Su=fOZ&lt;)$ZjE$0g2Jk&amp;3udR[HPi^L3Rf[8KP#mOe\\$/7/r:tZN])Nk%:Qi9[m&quot;orL5CW[VdhZFltXA4j.=@7A-L]+36D\'eBK1^fi,17JX2.p?[sB8mV;_?[ZZtT:IFPuEm541&amp;GZZb]FXODGQ3+hX.BYd(&lt;Jb9+#T(#,!++KE-TjQsg[)Q[.m0Z#6cIX`pE.-*SA**a+%oF=KUO&lt;0,:\\9B:fLrOU*#?R\'WK&amp;)2G&quot;[XL&quot;*80gon!c.qPfMPSE6W7l\\&amp;+h@&quot;3&amp;s(p$?Z16@r-`&gt;X#_J^bn9dT9@VA&quot;.qg*HA/cc8Pc$ITrWe\'se@ou]t7Nu&gt;CP;P:P:,\'/SeI6_)(e4kr![&gt;f!SZpKSRj?4&gt;rSfkYV!&amp;Ne_oQcg1_V\\UFJCd6b]$jP5`mFSnXOO/@~&gt;endstream\nendobj\nxref\n0 10\n0000000000 65535 f \n0000000061 00000 n \n0000000112 00000 n \n0000000219 00000 n \n0000000331 00000 n \n0000000414 00000 n \n0000000617 00000 n \n0000000685 00000 n \n0000000965 00000 n \n0000001024 00000 n \ntrailer\n&lt;&lt;\n/ID \n[&lt;529f0c2f37742d0009339d2e87c7306a&gt;&lt;529f0c2f37742d0009339d2e87c7306a&gt;]\n% ReportLab generated PDF document -- digest (opensource)\n\n/Info 7 0 R\n/Root 6 0 R\n/Size 10\n&gt;&gt;\nstartxref\n2502\n%%EOF\n'">backend/tests/test_m3.py:212: in test_pdf_contains_sections
    assert b'EARNINGS' in body
E   assert b'EARNINGS' in b'%PDF-1.4\n%\x93\x8c\x8b\x9e ReportLab Generated PDF document (opensource)\n1 0 obj\n&lt;&lt;\n/F1 2 0 R /F2 3 0 R /F3 4 0 R\n&gt;&gt;\nendobj\n2 0 obj\n&lt;&lt;\n/BaseFont /Helvetica /Encoding /WinAnsiEncoding /Name /F1 /Subtype /Type1 /Type /Font\n&gt;&gt;\nendobj\n3 0 obj\n&lt;&lt;\n/BaseFont /Helvetica-Bold /Encoding /WinAnsiEncoding /Name /F2 /Subtype /Type1 /Type /Font\n&gt;&gt;\nendobj\n4 0 obj\n&lt;&lt;\n/BaseFont /ZapfDingbats /Name /F3 /Subtype /Type1 /Type /Font\n&gt;&gt;\nendobj\n5 0 obj\n&lt;&lt;\n/Contents 9 0 R /MediaBox [ 0 0 595.2756 841.8898 ] /Parent 8 0 R /Resources &lt;&lt;\n/Font 1 0 R /ProcSet [ /PDF /Text /ImageB /ImageC /ImageI ]\n&gt;&gt; /Rotate 0 /Trans &lt;&lt;\n\n&gt;&gt; \n  /Type /Page\n&gt;&gt;\nendobj\n6 0 obj\n&lt;&lt;\n/PageMode /UseNone /Pages 8 0 R /Type /Catalog\n&gt;&gt;\nendobj\n7 0 obj\n&lt;&lt;\n/Author (\\(anonymous\\)) /CreationDate (D:20260807183337+00\'00\') /Creator (\\(unspecified\\)) /Keywords () /ModDate (D:20260807183337+00\'00\') /Producer (ReportLab PDF Library - \\(opensource\\)) \n  /Subject (\\(unspecified\\)) /Title (\\(anonymous\\)) /Trapped /False\n&gt;&gt;\nendobj\n8 0 obj\n&lt;&lt;\n/Count 1 /Kids [ 5 0 R ] /Type /Pages\n&gt;&gt;\nendobj\n9 0 obj\n&lt;&lt;\n/Filter [ /ASCII85Decode /FlateDecode ] /Length 1387\n&gt;&gt;\nstream\nGatU3&gt;ArL\\\'Ro4HS4...UX"7PV]Kp&gt;bTg[::Pc/^U(b7m:9Iqf[5n.]:I:8/7#UcPaj/bboDd@p^Gr*,l&lt;"\\-*q$um3"A&lt;PMG3k$1FuIUo@/JW2^Y:T&gt;8iL]p-i=e;IdfBFj(ql_P5eX:i&lt;)Jgjlb2O\\t"#\\OME*pg\\:gk#E-b8:`/URT[(Uj;8XMc;1@#$MPZWPV%n]C6"rA4\'JfpV2#NnaPSDb]BdWhkTYDVBO:`M`BFl)ZUTtb0S?B?1@R"Ch"`qpLD?U/=Ib3KrtP4P0u-a0H_uuUAA^AafFCN_r^OQl_m6\'Kr8[i?",8S7QC`]JnSal6noMWhbbrqkK&gt;&amp;a!\\C,!/Su=fOZ&lt;)$ZjE$0g2Jk&amp;3udR[HPi^L3Rf[8KP#mOe\\$/7/r:tZN])Nk%:Qi9[m"orL5CW[VdhZFltXA4j.=@7A-L]+36D\'eBK1^fi,17JX2.p?[sB8mV;_?[ZZtT:IFPuEm541&amp;GZZb]FXODGQ3+hX.BYd(&lt;Jb9+#T(#,!++KE-TjQsg[)Q[.m0Z#6cIX`pE.-*SA**a+%oF=KUO&lt;0,:\\9B:fLrOU*#?R\'WK&amp;)2G"[XL"*80gon!c.qPfMPSE6W7l\\&amp;+h@"3&amp;s(p$?Z16@r-`&gt;X#_J^bn9dT9@VA".qg*HA/cc8Pc$ITrWe\'se@ou]t7Nu&gt;CP;P:P:,\'/SeI6_)(e4kr![&gt;f!SZpKSRj?4&gt;rSfkYV!&amp;Ne_oQcg1_V\\UFJCd6b]$jP5`mFSnXOO/@~&gt;endstream\nendobj\nxref\n0 10\n0000000000 65535 f \n0000000061 00000 n \n0000000112 00000 n \n0000000219 00000 n \n0000000331 00000 n \n0000000414 00000 n \n0000000617 00000 n \n0000000685 00000 n \n0000000965 00000 n \n0000001024 00000 n \ntrailer\n&lt;&lt;\n/ID \n[&lt;529f0c2f37742d0009339d2e87c7306a&gt;&lt;529f0c2f37742d0009339d2e87c7306a&gt;]\n% ReportLab generated PDF document -- digest (opensource)\n\n/Info 7 0 R\n/Root 6 0 R\n/Size 10\n&gt;&gt;\nstartxref\n2502\n%%EOF\n'</failure></testcase><testcase classname="tests.test_m3.TestAuthRoles" name="test_accountant_login" time="0.154" /><testcase classname="tests.test_m3.TestAuthRoles" name="test_employee_login" time="0.165" /><testcase classname="tests.test_m3.TestAudit" name="test_owner_can_view_audit" time="0.101" /><testcase classname="tests.test_m3.TestCalendar" name="test_calendar_feb_2026_28_days" time="0.308" /><testcase classname="tests.test_m3.TestAudit" name="test_admin_cannot_view_audit" time="0.298" /><testcase classname="tests.test_m3.TestCalendar" name="test_calendar_employee_own" time="0.296" /><testcase classname="tests.test_m3.TestCalendar" name="test_calendar_employee_other_forbidden" time="0.201" /><testcase classname="tests.test_m3.TestAudit" name="test_accountant_cannot_view_audit" time="0.263" /><testcase classname="tests.test_m3.TestCalendarCorrection" name="test_employee_create_calendar_correction" time="0.096" /><testcase classname="tests.test_m3.TestDayEdit" name="test_admin_upserts_day" time="0.202" /><testcase classname="tests.test_m3.TestCalendarCorrection" name="test_owner_approve_reflects_in_calendar" time="0.289" /><testcase classname="tests.test_m3.TestDayEdit" name="test_employee_cannot_put_day" time="0.288" /></testsuite></testsuites>