<?xml version="1.0" encoding="utf-8"?><testsuites name="pytest tests"><testsuite name="pytest" errors="0" failures="1" skipped="0" tests="19" time="5.152" timestamp="2026-08-07T18:51:27.157217+00:00" hostname="agent-env-0f00db73-3386-46d6-b26a-6aa0f7553027"><testcase classname="tests.test_m4.TestBiometricDevices" name="test_admin_cannot_create_device" time="0.323" /><testcase classname="tests.test_m4.TestBiometricDevices" name="test_accountant_cannot_create_device" time="0.274" /><testcase classname="tests.test_m4.TestBiometricDevices" name="test_owner_creates_device" time="0.420" /><testcase classname="tests.test_m4.TestBiometricDevices" name="test_duplicate_serial_400" time="0.118" /><testcase classname="tests.test_m4.TestBiometricDevices" name="test_list_devices_hides_secret" time="0.127" /><testcase classname="tests.test_m4.TestBiometricPush" name="test_push_wrong_secret_401" time="0.097" /><testcase classname="tests.test_m4.TestBiometricPush" name="test_push_unknown_employee_404" time="0.110" /><testcase classname="tests.test_m4.TestBiometricPush" name="test_push_checkout_before_checkin_400" time="0.102" /><testcase classname="tests.test_m4.TestBiometricPush" name="test_first_push_creates_checkin" time="0.103" /><testcase classname="tests.test_m4.TestBiometricPush" name="test_second_push_creates_checkout" time="0.101" /><testcase classname="tests.test_m4.TestBiometricPush" name="test_attendance_today_reflects_push" time="0.114"><failure message="AssertionError: RMJ005 not in today's attendance&#10;assert None is not None">backend/tests/test_m4.py:141: in test_attendance_today_reflects_push
    assert row is not None, "RMJ005 not in today's attendance"
E   AssertionError: RMJ005 not in today's attendance
E   assert None is not None</failure></testcase><testcase classname="tests.test_m4.TestBiometricPush" name="test_device_last_seen_updated" time="0.103" /><testcase classname="tests.test_m4.TestBiometricPush" name="test_logs_contain_rejected_and_accepted" time="0.118" /><testcase classname="tests.test_m4.TestBiometricDelete" name="test_admin_cannot_delete" time="0.179" /><testcase classname="tests.test_m4.TestBiometricDelete" name="test_owner_deletes" time="0.201" /><testcase classname="tests.test_m4.TestAssistant" name="test_employee_forbidden" time="0.248" /><testcase classname="tests.test_m4.TestAssistant" name="test_ask_employee_count" time="0.856" /><testcase classname="tests.test_m4.TestAssistant" name="test_ask_specific_employee_code" time="1.355" /><testcase classname="tests.test_m4.TestAssistant" name="test_history" time="0.129" /></testsuite></testsuites>