<?xml version="1.0" encoding="utf-8"?><testsuites name="pytest tests"><testsuite name="pytest" errors="0" failures="0" skipped="0" tests="49" time="100.727" timestamp="2026-08-07T18:04:34.169551+00:00" hostname="agent-env-0f00db73-3386-46d6-b26a-6aa0f7553027"><testcase classname="tests.test_m2b.TestPayroll" name="test_compute_rows_shape" time="0.486" /><testcase classname="tests.test_m2b.TestPayroll" name="test_admin_cannot_compute_or_save" time="0.391" /><testcase classname="tests.test_m2b.TestPayroll" name="test_save_get_lock_reject_resave_unlock" time="1.391" /><testcase classname="tests.backend_test.TestEmployees" name="test_list_seeded" time="1.425" /><testcase classname="tests.backend_test.TestEmployees" name="test_list_search" time="0.099" /><testcase classname="tests.backend_test.TestEmployees" name="test_list_filter_on_leave" time="0.105" /><testcase classname="tests.backend_test.TestEmployees" name="test_get_employee_with_timeline" time="0.234" /><testcase classname="tests.backend_test.TestEmployees" name="test_get_employee_404" time="0.123" /><testcase classname="tests.backend_test.TestEmployees" name="test_crud_flow" time="0.785" /><testcase classname="tests.test_m2b.TestPayroll" name="test_mark_paid_and_timeline" time="0.325" /><testcase classname="tests.test_m2b.TestPayroll" name="test_pdf_returned" time="0.240" /><testcase classname="tests.backend_test.TestEmployees" name="test_create_requires_owner" time="0.260" /><testcase classname="tests.test_m2b.TestPayroll" name="test_preview_when_no_saved" time="0.130" /><testcase classname="tests.backend_test.TestAuth" name="test_login_ok" time="0.325" /><testcase classname="tests.backend_test.TestEmployees" name="test_no_mongo_id_leak" time="0.257" /><testcase classname="tests.backend_test.TestAuth" name="test_login_wrong_password" time="0.328" /><testcase classname="tests.test_m2a.TestAttendance" name="test_me_today_default_empty_or_obj" time="0.765" /><testcase classname="tests.backend_test.TestAuth" name="test_me_ok" time="0.555" /><testcase classname="tests.test_m2a.TestAttendance" name="test_check_in_missing_selfie" time="0.351" /><testcase classname="tests.backend_test.TestAuth" name="test_me_missing_token" time="0.174" /><testcase classname="tests.backend_test.TestAuth" name="test_me_invalid_token" time="0.109" /><testcase classname="tests.test_m2a.TestAttendance" name="test_check_in_outside_geofence" time="0.250" /><testcase classname="tests.test_m2b.TestRolesAuth" name="test_admin_login_role" time="0.166" /><testcase classname="tests.test_m2b.TestRolesAuth" name="test_accountant_login_role" time="0.165" /><testcase classname="tests.test_m2b.TestRolesAuth" name="test_wrong_password" time="0.278" /><testcase classname="tests.test_m2a.TestAttendance" name="test_full_check_in_and_check_out" time="0.953" /><testcase classname="tests.test_m2b.TestRolesAuth" name="test_me_admin" time="0.135" /><testcase classname="tests.test_m2b.TestRolesAuth" name="test_me_accountant" time="0.100" /><testcase classname="tests.test_m2b.TestUsersMgmt" name="test_list_users_owner_only" time="0.297" /><testcase classname="tests.test_m2b.TestUsersMgmt" name="test_create_delete_admin_owner_only" time="0.703" /><testcase classname="tests.test_m2a.TestAttendance" name="test_check_out_without_check_in_fails" time="0.459" /><testcase classname="tests.test_m2a.TestEmployeeLogin" name="test_login_ok" time="0.155" /><testcase classname="tests.test_m2a.TestEmployeeLogin" name="test_login_wrong_pin" time="30.197" /><testcase classname="tests.test_m2b.TestUsersMgmt" name="test_cannot_delete_owner" time="30.251" /><testcase classname="tests.test_m2a.TestEmployeeLogin" name="test_login_unknown_code" time="11.364" /><testcase classname="tests.test_m2a.TestStoreSettings" name="test_get_defaults" time="20.121" /><testcase classname="tests.test_m2a.TestSetPin" name="test_set_pin_ok_and_login" time="31.360" /><testcase classname="tests.test_m2a.TestStoreSettings" name="test_put_owner_updates" time="0.356" /><testcase classname="tests.test_m2b.TestEmployeeRBAC" name="test_admin_can_create_employee" time="11.476" /><testcase classname="tests.test_m2b.TestEmployeeRBAC" name="test_accountant_cannot_create_employee" time="0.103" /><testcase classname="tests.backend_test.TestDashboard" name="test_dashboard_shape" time="0.105" /><testcase classname="tests.test_m2a.TestCorrections" name="test_create_list_decide" time="30.813" /><testcase classname="tests.test_m2a.TestSetPin" name="test_set_pin_bad_length" time="0.349" /><testcase classname="tests.test_m2b.TestLedger" name="test_add_and_running_balance" time="13.275" /><testcase classname="tests.test_m2b.TestLedger" name="test_ledger_unknown_emp" time="0.116" /><testcase classname="tests.test_m2b.TestShifts" name="test_list_and_crud" time="0.711" /><testcase classname="tests.test_m2b.TestHolidays" name="test_list_and_crud" time="0.301" /><testcase classname="tests.test_m2a.TestLeaves" name="test_create_and_approve" time="0.748" /><testcase classname="tests.test_m2a.TestDashboardCounts" name="test_pending_approvals_present" time="0.101" /></testsuite></testsuites>