<?xml version="1.0" encoding="utf-8"?><testsuites name="pytest tests"><testsuite name="pytest" errors="0" failures="0" skipped="0" tests="14" time="3.174" timestamp="2026-08-07T17:15:21.054237+00:00" hostname="agent-env-0f00db73-3386-46d6-b26a-6aa0f7553027"><testcase classname="tests.backend_test.TestAuth" name="test_login_ok" time="0.770" /><testcase classname="tests.backend_test.TestEmployees" name="test_list_seeded" time="0.775" /><testcase classname="tests.backend_test.TestAuth" name="test_login_wrong_password" time="0.369" /><testcase classname="tests.backend_test.TestEmployees" name="test_list_search" time="0.366" /><testcase classname="tests.backend_test.TestEmployees" name="test_list_filter_on_leave" time="0.328" /><testcase classname="tests.backend_test.TestAuth" name="test_me_ok" time="0.511" /><testcase classname="tests.backend_test.TestEmployees" name="test_get_employee_with_timeline" time="0.254" /><testcase classname="tests.backend_test.TestAuth" name="test_me_missing_token" time="0.098" /><testcase classname="tests.backend_test.TestEmployees" name="test_get_employee_404" time="0.118" /><testcase classname="tests.backend_test.TestAuth" name="test_me_invalid_token" time="0.116" /><testcase classname="tests.backend_test.TestEmployees" name="test_crud_flow" time="0.709" /><testcase classname="tests.backend_test.TestDashboard" name="test_dashboard_shape" time="0.096" /><testcase classname="tests.backend_test.TestEmployees" name="test_create_requires_owner" time="0.192" /><testcase classname="tests.backend_test.TestEmployees" name="test_no_mongo_id_leak" time="0.106" /></testsuite></testsuites>